<?xml version="1.0" encoding="UTF-8"?>
<testng-results ignored="0" total="1" passed="1" failed="0" skipped="0">
  <reporter-output>
  </reporter-output>
  <suite started-at="2025-01-30T23:05:11 IST" name="Default suite" finished-at="2025-01-30T23:05:55 IST" duration-ms="43773">
    <groups>
    </groups>
    <test started-at="2025-01-30T23:05:11 IST" name="Default test" finished-at="2025-01-30T23:05:55 IST" duration-ms="43773">
      <class name="Assignment2.checkin">
        <test-method is-config="true" signature="openingbrowser()[pri:0, instance:Assignment2.checkin@212b5695]" started-at="2025-01-30T23:05:11 IST" name="openingbrowser" finished-at="2025-01-30T23:05:22 IST" duration-ms="10730" status="PASS">
          <reporter-output>
          </reporter-output>
        </test-method> <!-- openingbrowser -->
        <test-method signature="check()[pri:0, instance:Assignment2.checkin@212b5695]" started-at="2025-01-30T23:05:22 IST" name="check" finished-at="2025-01-30T23:05:55 IST" duration-ms="33014" status="PASS">
          <reporter-output>
          </reporter-output>
        </test-method> <!-- check -->
      </class> <!-- Assignment2.checkin -->
    </test> <!-- Default test -->
  </suite> <!-- Default suite -->
</testng-results>
